2023-08-21 12:46:41,997 [Worker-6: Loading available Gradle versions] INFO  o.e.b.c.i.u.g.PublishedGradleVersions - Gradle version information cache is out-of-date. Trying to update.
2023-08-21 12:49:25,855 [Worker-20: Import Getting Started Content] INFO  o.e.m.c.i.l.LifecycleMappingFactory - Using org.eclipse.m2e.jdt.JarLifecycleMapping lifecycle mapping for MavenProject: com.application:101_springboot:0.0.1-SNAPSHOT @ C:\Users\Lenovo\OneDrive\Desktop\projects\spring Projects\personal projects\101_springboot\pom.xml.
2023-08-21 12:49:28,991 [Worker-20: Import Getting Started Content] INFO  o.e.m.j.i.AbstractJavaProjectConfigurator - Adding source folder /101_springboot/src/main/java
2023-08-21 12:49:28,991 [Worker-20: Import Getting Started Content] INFO  o.e.m.j.i.AbstractJavaProjectConfigurator - Adding resource folder /101_springboot/src/main/resources
2023-08-21 12:49:29,002 [Worker-20: Import Getting Started Content] INFO  o.e.m.j.i.AbstractJavaProjectConfigurator - Adding resource folder /101_springboot/src/main/resources
2023-08-21 12:49:29,013 [Worker-20: Import Getting Started Content] INFO  o.e.m.j.i.AbstractJavaProjectConfigurator - Adding source folder /101_springboot/src/test/java
2023-08-21 12:49:31,916 [Worker-20: Import Getting Started Content] INFO  o.e.m.c.i.p.ProjectConfigurationManager - Imported and configured 1 project(s) in 10 sec
2023-08-21 12:49:31,920 [Worker-20: Import Getting Started Content] INFO  o.e.m.c.i.p.ProjectConfigurationManager - Update started
2023-08-21 12:49:32,076 [Worker-20: Import Getting Started Content] INFO  o.e.m.c.i.l.LifecycleMappingFactory - Using org.eclipse.m2e.jdt.JarLifecycleMapping lifecycle mapping for MavenProject: com.application:101_springboot:0.0.1-SNAPSHOT @ C:\Users\Lenovo\OneDrive\Desktop\projects\spring Projects\personal projects\101_springboot\pom.xml.
2023-08-21 12:49:32,309 [Worker-20: Import Getting Started Content] INFO  o.e.m.j.i.AbstractJavaProjectConfigurator - Adding source folder /101_springboot/src/main/java
2023-08-21 12:49:32,310 [Worker-20: Import Getting Started Content] INFO  o.e.m.j.i.AbstractJavaProjectConfigurator - Adding resource folder /101_springboot/src/main/resources
2023-08-21 12:49:32,310 [Worker-20: Import Getting Started Content] INFO  o.e.m.j.i.AbstractJavaProjectConfigurator - Adding resource folder /101_springboot/src/main/resources
2023-08-21 12:49:32,312 [Worker-20: Import Getting Started Content] INFO  o.e.m.j.i.AbstractJavaProjectConfigurator - Adding source folder /101_springboot/src/test/java
2023-08-21 12:49:33,301 [Worker-20: Import Getting Started Content] INFO  o.e.m.c.i.p.ProjectConfigurationManager - Update completed for 1 poms: local refresh takes 0.00 sec, refresh facades takes 0.00 sec, update config takes 0.00 sec 
2023-08-21 12:49:34,080 [Worker-25: Building] INFO  o.a.m.s.f.DefaultMavenResourcesFiltering - Copying 1 resource from src\main\resources to target\classes
2023-08-21 12:49:34,125 [Worker-25: Building] INFO  o.a.m.s.f.DefaultMavenResourcesFiltering - Copying 0 resource from src\main\resources to target\classes
2023-08-21 12:49:34,135 [Worker-25: Building] INFO  o.a.m.s.f.DefaultMavenResourcesFiltering - skip non existing resourceDirectory C:\Users\Lenovo\OneDrive\Desktop\projects\spring Projects\personal projects\101_springboot\src\test\resources
2023-08-21 12:53:52,565 [Worker-25: Building] INFO  o.a.m.s.f.DefaultMavenResourcesFiltering - Copying 1 resource from src\main\resources to target\classes
2023-08-21 12:53:52,574 [Worker-25: Building] INFO  o.a.m.s.f.DefaultMavenResourcesFiltering - Copying 0 resource from src\main\resources to target\classes
2023-08-21 12:53:52,577 [Worker-25: Building] INFO  o.a.m.s.f.DefaultMavenResourcesFiltering - skip non existing resourceDirectory C:\Users\Lenovo\OneDrive\Desktop\projects\spring Projects\personal projects\101_springboot\src\test\resources
2023-08-21 12:54:45,171 [Worker-24: Building] INFO  o.a.m.s.f.DefaultMavenResourcesFiltering - Copying 1 resource from src\main\resources to target\classes
2023-08-21 12:54:45,178 [Worker-24: Building] INFO  o.a.m.s.f.DefaultMavenResourcesFiltering - Copying 0 resource from src\main\resources to target\classes
2023-08-21 12:54:45,186 [Worker-24: Building] INFO  o.a.m.s.f.DefaultMavenResourcesFiltering - skip non existing resourceDirectory C:\Users\Lenovo\OneDrive\Desktop\projects\spring Projects\personal projects\101_springboot\src\test\resources
2023-08-21 13:03:19,071 [Worker-13: Building] INFO  o.a.m.s.f.DefaultMavenResourcesFiltering - Copying 1 resource from src\main\resources to target\classes
2023-08-21 13:03:19,079 [Worker-13: Building] INFO  o.a.m.s.f.DefaultMavenResourcesFiltering - Copying 0 resource from src\main\resources to target\classes
2023-08-21 13:03:19,081 [Worker-13: Building] INFO  o.a.m.s.f.DefaultMavenResourcesFiltering - skip non existing resourceDirectory C:\Users\Lenovo\OneDrive\Desktop\projects\spring Projects\personal projects\101_springboot\src\test\resources
2023-08-21 13:05:03,118 [Worker-27: Building] INFO  o.a.m.s.f.DefaultMavenResourcesFiltering - Copying 1 resource from src\main\resources to target\classes
2023-08-21 13:05:03,123 [Worker-27: Building] INFO  o.a.m.s.f.DefaultMavenResourcesFiltering - Copying 0 resource from src\main\resources to target\classes
2023-08-21 13:05:03,127 [Worker-27: Building] INFO  o.a.m.s.f.DefaultMavenResourcesFiltering - skip non existing resourceDirectory C:\Users\Lenovo\OneDrive\Desktop\projects\spring Projects\personal projects\101_springboot\src\test\resources
2023-08-21 13:07:23,786 [Worker-0: Building] INFO  o.a.m.s.f.DefaultMavenResourcesFiltering - Copying 1 resource from src\main\resources to target\classes
2023-08-21 13:07:23,792 [Worker-0: Building] INFO  o.a.m.s.f.DefaultMavenResourcesFiltering - Copying 0 resource from src\main\resources to target\classes
2023-08-21 13:07:23,795 [Worker-0: Building] INFO  o.a.m.s.f.DefaultMavenResourcesFiltering - skip non existing resourceDirectory C:\Users\Lenovo\OneDrive\Desktop\projects\spring Projects\personal projects\101_springboot\src\test\resources
2023-08-21 13:08:24,878 [Worker-29: Building] INFO  o.a.m.s.f.DefaultMavenResourcesFiltering - Copying 1 resource from src\main\resources to target\classes
2023-08-21 13:08:24,887 [Worker-29: Building] INFO  o.a.m.s.f.DefaultMavenResourcesFiltering - Copying 0 resource from src\main\resources to target\classes
2023-08-21 13:08:24,890 [Worker-29: Building] INFO  o.a.m.s.f.DefaultMavenResourcesFiltering - skip non existing resourceDirectory C:\Users\Lenovo\OneDrive\Desktop\projects\spring Projects\personal projects\101_springboot\src\test\resources
2023-08-21 13:08:26,939 [Worker-30: Building] INFO  o.a.m.s.f.DefaultMavenResourcesFiltering - Copying 1 resource from src\main\resources to target\classes
2023-08-21 13:08:26,944 [Worker-30: Building] INFO  o.a.m.s.f.DefaultMavenResourcesFiltering - Copying 0 resource from src\main\resources to target\classes
2023-08-21 13:08:26,961 [Worker-30: Building] INFO  o.a.m.s.f.DefaultMavenResourcesFiltering - skip non existing resourceDirectory C:\Users\Lenovo\OneDrive\Desktop\projects\spring Projects\personal projects\101_springboot\src\test\resources
2023-08-21 13:11:08,532 [Worker-31: Building] INFO  o.a.m.s.f.DefaultMavenResourcesFiltering - Copying 1 resource from src\main\resources to target\classes
2023-08-21 13:11:08,541 [Worker-31: Building] INFO  o.a.m.s.f.DefaultMavenResourcesFiltering - Copying 0 resource from src\main\resources to target\classes
2023-08-21 13:11:08,543 [Worker-31: Building] INFO  o.a.m.s.f.DefaultMavenResourcesFiltering - skip non existing resourceDirectory C:\Users\Lenovo\OneDrive\Desktop\projects\spring Projects\personal projects\101_springboot\src\test\resources
2023-08-21 13:30:00,501 [Worker-33: Building] INFO  o.a.m.s.f.DefaultMavenResourcesFiltering - Copying 1 resource from src\main\resources to target\classes
2023-08-21 13:30:00,508 [Worker-33: Building] INFO  o.a.m.s.f.DefaultMavenResourcesFiltering - Copying 0 resource from src\main\resources to target\classes
2023-08-21 13:30:00,512 [Worker-33: Building] INFO  o.a.m.s.f.DefaultMavenResourcesFiltering - skip non existing resourceDirectory C:\Users\Lenovo\OneDrive\Desktop\projects\spring Projects\personal projects\101_springboot\src\test\resources
2023-08-21 13:31:09,220 [Worker-27: Building] INFO  o.a.m.s.f.DefaultMavenResourcesFiltering - Copying 1 resource from src\main\resources to target\classes
2023-08-21 13:31:09,228 [Worker-27: Building] INFO  o.a.m.s.f.DefaultMavenResourcesFiltering - Copying 0 resource from src\main\resources to target\classes
2023-08-21 13:31:09,231 [Worker-27: Building] INFO  o.a.m.s.f.DefaultMavenResourcesFiltering - skip non existing resourceDirectory C:\Users\Lenovo\OneDrive\Desktop\projects\spring Projects\personal projects\101_springboot\src\test\resources
2023-08-21 13:32:13,309 [Worker-27: Building] INFO  o.e.m.c.i.l.LifecycleMappingFactory - Using org.eclipse.m2e.jdt.JarLifecycleMapping lifecycle mapping for MavenProject: com.application:101_springboot:0.0.1-SNAPSHOT @ C:\Users\Lenovo\OneDrive\Desktop\projects\spring Projects\personal projects\101_springboot\pom.xml.
2023-08-21 13:32:13,561 [Worker-27: Building] INFO  o.a.m.s.f.DefaultMavenResourcesFiltering - Copying 0 resource from src\main\resources to target\classes
2023-08-21 13:32:13,561 [Worker-27: Building] INFO  o.a.m.s.f.DefaultMavenResourcesFiltering - Copying 0 resource from src\main\resources to target\classes
2023-08-21 13:32:13,566 [Worker-27: Building] INFO  o.a.m.s.f.DefaultMavenResourcesFiltering - skip non existing resourceDirectory C:\Users\Lenovo\OneDrive\Desktop\projects\spring Projects\personal projects\101_springboot\src\test\resources
2023-08-21 13:32:25,276 [Worker-33: Building] INFO  o.a.m.s.f.DefaultMavenResourcesFiltering - Copying 0 resource from src\main\resources to target\classes
2023-08-21 13:32:25,276 [Worker-33: Building] INFO  o.a.m.s.f.DefaultMavenResourcesFiltering - Copying 0 resource from src\main\resources to target\classes
2023-08-21 13:32:25,279 [Worker-33: Building] INFO  o.a.m.s.f.DefaultMavenResourcesFiltering - skip non existing resourceDirectory C:\Users\Lenovo\OneDrive\Desktop\projects\spring Projects\personal projects\101_springboot\src\test\resources
2023-08-21 13:46:38,746 [Worker-39: Building] INFO  o.a.m.s.f.DefaultMavenResourcesFiltering - Copying 0 resource from src\main\resources to target\classes
2023-08-21 13:46:38,746 [Worker-39: Building] INFO  o.a.m.s.f.DefaultMavenResourcesFiltering - Copying 0 resource from src\main\resources to target\classes
2023-08-21 13:46:38,750 [Worker-39: Building] INFO  o.a.m.s.f.DefaultMavenResourcesFiltering - skip non existing resourceDirectory C:\Users\Lenovo\OneDrive\Desktop\projects\spring Projects\personal projects\101_springboot\src\test\resources
2023-08-21 13:49:46,079 [Worker-41: Building] INFO  o.e.m.c.i.l.LifecycleMappingFactory - Using org.eclipse.m2e.jdt.JarLifecycleMapping lifecycle mapping for MavenProject: com.application:101_springboot:0.0.1-SNAPSHOT @ C:\Users\Lenovo\OneDrive\Desktop\projects\spring Projects\personal projects\102_springboot\pom.xml.
2023-08-21 13:49:46,514 [Worker-41: Building] INFO  o.a.m.s.f.DefaultMavenResourcesFiltering - Copying 1 resource from src\main\resources to target\classes
2023-08-21 13:49:46,541 [Worker-41: Building] INFO  o.a.m.s.f.DefaultMavenResourcesFiltering - Copying 0 resource from src\main\resources to target\classes
2023-08-21 13:49:46,548 [Worker-41: Building] INFO  o.a.m.s.f.DefaultMavenResourcesFiltering - skip non existing resourceDirectory C:\Users\Lenovo\OneDrive\Desktop\projects\spring Projects\personal projects\102_springboot\src\test\resources
2023-08-21 14:03:27,913 [Worker-49: Building] INFO  o.a.m.s.f.DefaultMavenResourcesFiltering - Copying 1 resource from src\main\resources to target\classes
2023-08-21 14:03:27,915 [Worker-49: Building] INFO  o.a.m.s.f.DefaultMavenResourcesFiltering - Copying 0 resource from src\main\resources to target\classes
2023-08-21 14:03:27,918 [Worker-49: Building] INFO  o.a.m.s.f.DefaultMavenResourcesFiltering - skip non existing resourceDirectory C:\Users\Lenovo\OneDrive\Desktop\projects\spring Projects\personal projects\102_springboot\src\test\resources
2023-08-21 14:13:15,299 [Worker-47: Building] INFO  o.a.m.s.f.DefaultMavenResourcesFiltering - Copying 1 resource from src\main\resources to target\classes
2023-08-21 14:13:15,309 [Worker-47: Building] INFO  o.a.m.s.f.DefaultMavenResourcesFiltering - Copying 0 resource from src\main\resources to target\classes
2023-08-21 14:13:15,311 [Worker-47: Building] INFO  o.a.m.s.f.DefaultMavenResourcesFiltering - skip non existing resourceDirectory C:\Users\Lenovo\OneDrive\Desktop\projects\spring Projects\personal projects\101_springboot\src\test\resources
2023-08-21 14:17:44,918 [Worker-51: Building] INFO  o.a.m.s.f.DefaultMavenResourcesFiltering - Copying 1 resource from src\main\resources to target\classes
2023-08-21 14:17:44,934 [Worker-51: Building] INFO  o.a.m.s.f.DefaultMavenResourcesFiltering - Copying 0 resource from src\main\resources to target\classes
2023-08-21 14:17:44,937 [Worker-51: Building] INFO  o.a.m.s.f.DefaultMavenResourcesFiltering - skip non existing resourceDirectory C:\Users\Lenovo\OneDrive\Desktop\projects\spring Projects\personal projects\102_springboot\src\test\resources
2023-08-21 14:20:28,293 [Worker-51: Building] INFO  o.a.m.s.f.DefaultMavenResourcesFiltering - Copying 1 resource from src\main\resources to target\classes
2023-08-21 14:20:28,302 [Worker-51: Building] INFO  o.a.m.s.f.DefaultMavenResourcesFiltering - Copying 0 resource from src\main\resources to target\classes
2023-08-21 14:20:28,305 [Worker-51: Building] INFO  o.a.m.s.f.DefaultMavenResourcesFiltering - skip non existing resourceDirectory C:\Users\Lenovo\OneDrive\Desktop\projects\spring Projects\personal projects\102_springboot\src\test\resources
2023-08-21 14:24:57,864 [Worker-51: Building] INFO  o.a.m.s.f.DefaultMavenResourcesFiltering - Copying 1 resource from src\main\resources to target\classes
2023-08-21 14:24:57,873 [Worker-51: Building] INFO  o.a.m.s.f.DefaultMavenResourcesFiltering - Copying 0 resource from src\main\resources to target\classes
2023-08-21 14:24:57,876 [Worker-51: Building] INFO  o.a.m.s.f.DefaultMavenResourcesFiltering - skip non existing resourceDirectory C:\Users\Lenovo\OneDrive\Desktop\projects\spring Projects\personal projects\102_springboot\src\test\resources
2023-08-21 14:28:26,131 [Worker-56: Building] INFO  o.a.m.s.f.DefaultMavenResourcesFiltering - Copying 1 resource from src\main\resources to target\classes
2023-08-21 14:28:26,136 [Worker-56: Building] INFO  o.a.m.s.f.DefaultMavenResourcesFiltering - Copying 0 resource from src\main\resources to target\classes
2023-08-21 14:28:26,138 [Worker-56: Building] INFO  o.a.m.s.f.DefaultMavenResourcesFiltering - skip non existing resourceDirectory C:\Users\Lenovo\OneDrive\Desktop\projects\spring Projects\personal projects\102_springboot\src\test\resources
2023-08-21 14:28:31,831 [Worker-51: Building] INFO  o.a.m.s.f.DefaultMavenResourcesFiltering - Copying 1 resource from src\main\resources to target\classes
2023-08-21 14:28:31,878 [Worker-51: Building] INFO  o.a.m.s.f.DefaultMavenResourcesFiltering - Copying 0 resource from src\main\resources to target\classes
2023-08-21 14:28:31,880 [Worker-51: Building] INFO  o.a.m.s.f.DefaultMavenResourcesFiltering - skip non existing resourceDirectory C:\Users\Lenovo\OneDrive\Desktop\projects\spring Projects\personal projects\102_springboot\src\test\resources
2023-08-21 14:29:11,243 [Worker-56: Building] INFO  o.a.m.s.f.DefaultMavenResourcesFiltering - Copying 1 resource from src\main\resources to target\classes
2023-08-21 14:29:11,251 [Worker-56: Building] INFO  o.a.m.s.f.DefaultMavenResourcesFiltering - Copying 0 resource from src\main\resources to target\classes
2023-08-21 14:29:11,254 [Worker-56: Building] INFO  o.a.m.s.f.DefaultMavenResourcesFiltering - skip non existing resourceDirectory C:\Users\Lenovo\OneDrive\Desktop\projects\spring Projects\personal projects\102_springboot\src\test\resources
2023-08-21 14:31:23,771 [Worker-56: Building] INFO  o.a.m.s.f.DefaultMavenResourcesFiltering - Copying 1 resource from src\main\resources to target\classes
2023-08-21 14:31:23,779 [Worker-56: Building] INFO  o.a.m.s.f.DefaultMavenResourcesFiltering - Copying 0 resource from src\main\resources to target\classes
2023-08-21 14:31:23,782 [Worker-56: Building] INFO  o.a.m.s.f.DefaultMavenResourcesFiltering - skip non existing resourceDirectory C:\Users\Lenovo\OneDrive\Desktop\projects\spring Projects\personal projects\102_springboot\src\test\resources
2023-08-21 14:32:29,526 [Worker-58: Building] INFO  o.a.m.s.f.DefaultMavenResourcesFiltering - Copying 1 resource from src\main\resources to target\classes
2023-08-21 14:32:29,534 [Worker-58: Building] INFO  o.a.m.s.f.DefaultMavenResourcesFiltering - Copying 0 resource from src\main\resources to target\classes
2023-08-21 14:32:29,538 [Worker-58: Building] INFO  o.a.m.s.f.DefaultMavenResourcesFiltering - skip non existing resourceDirectory C:\Users\Lenovo\OneDrive\Desktop\projects\spring Projects\personal projects\102_springboot\src\test\resources
2023-08-21 14:32:41,914 [Worker-59: Building] INFO  o.a.m.s.f.DefaultMavenResourcesFiltering - Copying 1 resource from src\main\resources to target\classes
2023-08-21 14:32:41,922 [Worker-59: Building] INFO  o.a.m.s.f.DefaultMavenResourcesFiltering - Copying 0 resource from src\main\resources to target\classes
2023-08-21 14:32:41,925 [Worker-59: Building] INFO  o.a.m.s.f.DefaultMavenResourcesFiltering - skip non existing resourceDirectory C:\Users\Lenovo\OneDrive\Desktop\projects\spring Projects\personal projects\102_springboot\src\test\resources
2023-08-21 14:34:58,083 [Worker-59: Building] INFO  o.a.m.s.f.DefaultMavenResourcesFiltering - Copying 1 resource from src\main\resources to target\classes
2023-08-21 14:34:58,088 [Worker-59: Building] INFO  o.a.m.s.f.DefaultMavenResourcesFiltering - Copying 0 resource from src\main\resources to target\classes
2023-08-21 14:34:58,091 [Worker-59: Building] INFO  o.a.m.s.f.DefaultMavenResourcesFiltering - skip non existing resourceDirectory C:\Users\Lenovo\OneDrive\Desktop\projects\spring Projects\personal projects\102_springboot\src\test\resources
2023-08-21 14:35:47,593 [Worker-60: Building] INFO  o.a.m.s.f.DefaultMavenResourcesFiltering - Copying 1 resource from src\main\resources to target\classes
2023-08-21 14:35:47,599 [Worker-60: Building] INFO  o.a.m.s.f.DefaultMavenResourcesFiltering - Copying 0 resource from src\main\resources to target\classes
2023-08-21 14:35:47,602 [Worker-60: Building] INFO  o.a.m.s.f.DefaultMavenResourcesFiltering - skip non existing resourceDirectory C:\Users\Lenovo\OneDrive\Desktop\projects\spring Projects\personal projects\102_springboot\src\test\resources
2023-08-21 14:36:01,025 [Worker-60: Building] INFO  o.a.m.s.f.DefaultMavenResourcesFiltering - Copying 1 resource from src\main\resources to target\classes
2023-08-21 14:36:01,032 [Worker-60: Building] INFO  o.a.m.s.f.DefaultMavenResourcesFiltering - Copying 0 resource from src\main\resources to target\classes
2023-08-21 14:36:01,035 [Worker-60: Building] INFO  o.a.m.s.f.DefaultMavenResourcesFiltering - skip non existing resourceDirectory C:\Users\Lenovo\OneDrive\Desktop\projects\spring Projects\personal projects\102_springboot\src\test\resources
2023-08-21 14:42:53,241 [Worker-61: Building] INFO  o.a.m.s.f.DefaultMavenResourcesFiltering - Copying 1 resource from src\main\resources to target\classes
2023-08-21 14:42:53,249 [Worker-61: Building] INFO  o.a.m.s.f.DefaultMavenResourcesFiltering - Copying 0 resource from src\main\resources to target\classes
2023-08-21 14:42:53,252 [Worker-61: Building] INFO  o.a.m.s.f.DefaultMavenResourcesFiltering - skip non existing resourceDirectory C:\Users\Lenovo\OneDrive\Desktop\projects\spring Projects\personal projects\102_springboot\src\test\resources
2023-08-21 14:43:01,150 [Worker-59: Building] INFO  o.a.m.s.f.DefaultMavenResourcesFiltering - Copying 1 resource from src\main\resources to target\classes
2023-08-21 14:43:01,154 [Worker-59: Building] INFO  o.a.m.s.f.DefaultMavenResourcesFiltering - Copying 0 resource from src\main\resources to target\classes
2023-08-21 14:43:01,157 [Worker-59: Building] INFO  o.a.m.s.f.DefaultMavenResourcesFiltering - skip non existing resourceDirectory C:\Users\Lenovo\OneDrive\Desktop\projects\spring Projects\personal projects\102_springboot\src\test\resources
2023-08-21 14:47:15,491 [Worker-61: Building] INFO  o.a.m.s.f.DefaultMavenResourcesFiltering - Copying 1 resource from src\main\resources to target\classes
2023-08-21 14:47:15,498 [Worker-61: Building] INFO  o.a.m.s.f.DefaultMavenResourcesFiltering - Copying 0 resource from src\main\resources to target\classes
2023-08-21 14:47:15,502 [Worker-61: Building] INFO  o.a.m.s.f.DefaultMavenResourcesFiltering - skip non existing resourceDirectory C:\Users\Lenovo\OneDrive\Desktop\projects\spring Projects\personal projects\102_springboot\src\test\resources
2023-08-21 14:47:58,048 [Worker-56: Building] INFO  o.a.m.s.f.DefaultMavenResourcesFiltering - Copying 1 resource from src\main\resources to target\classes
2023-08-21 14:47:58,055 [Worker-56: Building] INFO  o.a.m.s.f.DefaultMavenResourcesFiltering - Copying 0 resource from src\main\resources to target\classes
2023-08-21 14:47:58,058 [Worker-56: Building] INFO  o.a.m.s.f.DefaultMavenResourcesFiltering - skip non existing resourceDirectory C:\Users\Lenovo\OneDrive\Desktop\projects\spring Projects\personal projects\102_springboot\src\test\resources
2023-08-21 14:50:52,874 [Worker-61: Building] INFO  o.a.m.s.f.DefaultMavenResourcesFiltering - Copying 0 resource from src\main\resources to target\classes
2023-08-21 14:50:52,875 [Worker-61: Building] INFO  o.a.m.s.f.DefaultMavenResourcesFiltering - Copying 0 resource from src\main\resources to target\classes
2023-08-21 14:50:52,878 [Worker-61: Building] INFO  o.a.m.s.f.DefaultMavenResourcesFiltering - skip non existing resourceDirectory C:\Users\Lenovo\OneDrive\Desktop\projects\spring Projects\personal projects\102_springboot\src\test\resources
2023-08-21 14:52:30,501 [Worker-62: Building] INFO  o.a.m.s.f.DefaultMavenResourcesFiltering - Copying 0 resource from src\main\resources to target\classes
2023-08-21 14:52:30,501 [Worker-62: Building] INFO  o.a.m.s.f.DefaultMavenResourcesFiltering - Copying 0 resource from src\main\resources to target\classes
2023-08-21 14:52:30,504 [Worker-62: Building] INFO  o.a.m.s.f.DefaultMavenResourcesFiltering - skip non existing resourceDirectory C:\Users\Lenovo\OneDrive\Desktop\projects\spring Projects\personal projects\102_springboot\src\test\resources
2023-08-21 14:52:45,263 [Worker-61: Building] INFO  o.a.m.s.f.DefaultMavenResourcesFiltering - Copying 0 resource from src\main\resources to target\classes
2023-08-21 14:52:45,263 [Worker-61: Building] INFO  o.a.m.s.f.DefaultMavenResourcesFiltering - Copying 0 resource from src\main\resources to target\classes
2023-08-21 14:52:45,266 [Worker-61: Building] INFO  o.a.m.s.f.DefaultMavenResourcesFiltering - skip non existing resourceDirectory C:\Users\Lenovo\OneDrive\Desktop\projects\spring Projects\personal projects\102_springboot\src\test\resources
2023-08-21 14:52:49,116 [Worker-61: Building] INFO  o.a.m.s.f.DefaultMavenResourcesFiltering - Copying 0 resource from src\main\resources to target\classes
2023-08-21 14:52:49,117 [Worker-61: Building] INFO  o.a.m.s.f.DefaultMavenResourcesFiltering - Copying 0 resource from src\main\resources to target\classes
2023-08-21 14:52:49,119 [Worker-61: Building] INFO  o.a.m.s.f.DefaultMavenResourcesFiltering - skip non existing resourceDirectory C:\Users\Lenovo\OneDrive\Desktop\projects\spring Projects\personal projects\102_springboot\src\test\resources
2023-08-21 14:53:10,192 [Worker-57: Building] INFO  o.a.m.s.f.DefaultMavenResourcesFiltering - Copying 1 resource from src\main\resources to target\classes
2023-08-21 14:53:10,196 [Worker-57: Building] INFO  o.a.m.s.f.DefaultMavenResourcesFiltering - Copying 0 resource from src\main\resources to target\classes
